0::0:0:5	4	ERROR	No Response: player took too long to respond with action. This is No Response #1 in a row!
0::0:0:5	4	ERROR	No Response: player took too long to respond with action. This is No Response #2 in a row!
0::0:0:7	4	ERROR	No Response: player took too long to respond with action. This is No Response #1 in a row!
0::0:0:8	4	ERROR	No Response: player took too long to respond with action. This is No Response #2 in a row!
0::0:0:8	4	ERROR	No Response: player took too long to respond with action. This is No Response #3 in a row!
0::0:0:8	4	ERROR	No Response: player took too long to respond with action. This is No Response #4 in a row!
0::0:0:8	4	ERROR	No Response: player took too long to respond with action. This is No Response #5 in a row!
0::0:0:8	4	ERROR	No Response: player took too long to respond with action. This is No Response #6 in a row!
0::0:0:13	2	VALUE	Rewards in last 100 rounds: 0
0::0:0:13	1	VALUE	Rewards in last 100 rounds: 0
0::0:0:13	0	VALUE	Rewards in last 100 rounds: 0
0::0:0:13	3	VALUE	Rewards in last 100 rounds: -5
0::0:0:13	4	VALUE	Rewards in last 100 rounds: -10
0::0:0:21	1	VALUE	Rewards in last 100 rounds: 0
0::0:0:21	2	VALUE	Rewards in last 100 rounds: -5
0::0:0:21	0	VALUE	Rewards in last 100 rounds: 0
0::0:0:21	3	VALUE	Rewards in last 100 rounds: 10
0::0:0:21	4	VALUE	Rewards in last 100 rounds: -15
0::0:0:29	3	VALUE	Rewards in last 100 rounds: -4
0::0:0:29	2	VALUE	Rewards in last 100 rounds: 0
0::0:0:29	0	VALUE	Rewards in last 100 rounds: 2
0::0:0:29	1	VALUE	Rewards in last 100 rounds: 0
0::0:0:29	4	VALUE	Rewards in last 100 rounds: -23
0::0:0:38	3	VALUE	Rewards in last 100 rounds: 5
0::0:0:38	1	VALUE	Rewards in last 100 rounds: 5
0::0:0:38	0	VALUE	Rewards in last 100 rounds: 0
0::0:0:38	2	VALUE	Rewards in last 100 rounds: -1
0::0:0:38	4	VALUE	Rewards in last 100 rounds: -20
0::0:0:46	3	VALUE	Rewards in last 100 rounds: -3
0::0:0:46	0	VALUE	Rewards in last 100 rounds: 0
0::0:0:46	1	VALUE	Rewards in last 100 rounds: 4
0::0:0:46	2	VALUE	Rewards in last 100 rounds: 7
0::0:0:46	4	VALUE	Rewards in last 100 rounds: -30
0::0:0:54	1	VALUE	Rewards in last 100 rounds: 2
0::0:0:54	0	VALUE	Rewards in last 100 rounds: -1
0::0:0:54	3	VALUE	Rewards in last 100 rounds: -1
0::0:0:54	2	VALUE	Rewards in last 100 rounds: -4
0::0:0:54	4	VALUE	Rewards in last 100 rounds: -45
0::0:1:3	3	VALUE	Rewards in last 100 rounds: -2
0::0:1:3	1	VALUE	Rewards in last 100 rounds: -3
0::0:1:3	0	VALUE	Rewards in last 100 rounds: -2
0::0:1:3	2	VALUE	Rewards in last 100 rounds: 1
0::0:1:3	4	VALUE	Rewards in last 100 rounds: -25
0::0:1:11	3	VALUE	Rewards in last 100 rounds: -8
0::0:1:11	2	VALUE	Rewards in last 100 rounds: 9
0::0:1:11	0	VALUE	Rewards in last 100 rounds: 10
0::0:1:11	1	VALUE	Rewards in last 100 rounds: 6
0::0:1:11	4	VALUE	Rewards in last 100 rounds: -15
0::0:1:19	1	VALUE	Rewards in last 100 rounds: 0
0::0:1:19	0	VALUE	Rewards in last 100 rounds: 2
0::0:1:19	2	VALUE	Rewards in last 100 rounds: 12
0::0:1:19	3	VALUE	Rewards in last 100 rounds: 3
0::0:1:19	4	VALUE	Rewards in last 100 rounds: -16
0::0:1:28	2	VALUE	Rewards in last 100 rounds: 14
0::0:1:28	0	VALUE	Rewards in last 100 rounds: 2
0::0:1:28	1	VALUE	Rewards in last 100 rounds: 7
0::0:1:28	3	VALUE	Rewards in last 100 rounds: -3
0::0:1:28	4	VALUE	Rewards in last 100 rounds: -10
0::0:1:36	1	VALUE	Rewards in last 100 rounds: -2
0::0:1:36	3	VALUE	Rewards in last 100 rounds: -2
0::0:1:36	2	VALUE	Rewards in last 100 rounds: 4
0::0:1:36	0	VALUE	Rewards in last 100 rounds: 7
0::0:1:36	4	VALUE	Rewards in last 100 rounds: -18
0::0:1:44	2	VALUE	Rewards in last 100 rounds: 11
0::0:1:44	0	VALUE	Rewards in last 100 rounds: 6
0::0:1:44	1	VALUE	Rewards in last 100 rounds: 0
0::0:1:44	3	VALUE	Rewards in last 100 rounds: 5
0::0:1:44	4	VALUE	Rewards in last 100 rounds: -34
0::0:1:53	2	VALUE	Rewards in last 100 rounds: -3
0::0:1:53	0	VALUE	Rewards in last 100 rounds: 15
0::0:1:53	3	VALUE	Rewards in last 100 rounds: 5
0::0:1:53	1	VALUE	Rewards in last 100 rounds: 0
0::0:1:53	4	VALUE	Rewards in last 100 rounds: -31
0::0:2:1	0	VALUE	Rewards in last 100 rounds: 6
0::0:2:1	3	VALUE	Rewards in last 100 rounds: 8
0::0:2:1	1	VALUE	Rewards in last 100 rounds: 11
0::0:2:1	2	VALUE	Rewards in last 100 rounds: 0
0::0:2:1	4	VALUE	Rewards in last 100 rounds: -24
0::0:2:9	0	VALUE	Rewards in last 100 rounds: 1
0::0:2:9	2	VALUE	Rewards in last 100 rounds: 0
0::0:2:9	3	VALUE	Rewards in last 100 rounds: 2
0::0:2:9	1	VALUE	Rewards in last 100 rounds: -5
0::0:2:10	4	VALUE	Rewards in last 100 rounds: -25
0::0:2:18	0	VALUE	Rewards in last 100 rounds: 5
0::0:2:18	1	VALUE	Rewards in last 100 rounds: -1
0::0:2:18	2	VALUE	Rewards in last 100 rounds: 1
0::0:2:18	3	VALUE	Rewards in last 100 rounds: 4
0::0:2:18	4	VALUE	Rewards in last 100 rounds: -26
0::0:2:26	3	VALUE	Rewards in last 100 rounds: 14
0::0:2:26	1	VALUE	Rewards in last 100 rounds: -3
0::0:2:26	0	VALUE	Rewards in last 100 rounds: 7
0::0:2:26	2	VALUE	Rewards in last 100 rounds: 4
0::0:2:26	4	VALUE	Rewards in last 100 rounds: -25
0::0:2:34	1	VALUE	Rewards in last 100 rounds: 1
0::0:2:34	2	VALUE	Rewards in last 100 rounds: 0
0::0:2:34	0	VALUE	Rewards in last 100 rounds: 7
0::0:2:34	3	VALUE	Rewards in last 100 rounds: 10
0::0:2:35	4	VALUE	Rewards in last 100 rounds: -11
0::0:2:43	3	VALUE	Rewards in last 100 rounds: 6
0::0:2:43	1	VALUE	Rewards in last 100 rounds: -1
0::0:2:43	2	VALUE	Rewards in last 100 rounds: 7
0::0:2:43	0	VALUE	Rewards in last 100 rounds: 1
0::0:2:43	4	VALUE	Rewards in last 100 rounds: -15
0::0:2:51	3	VALUE	Rewards in last 100 rounds: 2
0::0:2:51	2	VALUE	Rewards in last 100 rounds: 17
0::0:2:51	1	VALUE	Rewards in last 100 rounds: -5
0::0:2:51	0	VALUE	Rewards in last 100 rounds: 9
0::0:2:51	4	VALUE	Rewards in last 100 rounds: -30
0::0:3:0	0	VALUE	Rewards in last 100 rounds: -1
0::0:3:0	1	VALUE	Rewards in last 100 rounds: 1
0::0:3:0	3	VALUE	Rewards in last 100 rounds: 6
0::0:3:0	2	VALUE	Rewards in last 100 rounds: 13
0::0:3:0	4	VALUE	Rewards in last 100 rounds: -15
0::0:3:8	1	VALUE	Rewards in last 100 rounds: 2
0::0:3:8	2	VALUE	Rewards in last 100 rounds: 9
0::0:3:8	3	VALUE	Rewards in last 100 rounds: 0
0::0:3:8	0	VALUE	Rewards in last 100 rounds: -1
0::0:3:8	4	VALUE	Rewards in last 100 rounds: -19
0::0:3:16	1	VALUE	Rewards in last 100 rounds: 6
0::0:3:16	3	VALUE	Rewards in last 100 rounds: 6
0::0:3:16	2	VALUE	Rewards in last 100 rounds: 10
0::0:3:16	0	VALUE	Rewards in last 100 rounds: 3
0::0:3:16	4	VALUE	Rewards in last 100 rounds: -20
0::0:3:25	3	VALUE	Rewards in last 100 rounds: 11
0::0:3:25	2	VALUE	Rewards in last 100 rounds: 1
0::0:3:25	1	VALUE	Rewards in last 100 rounds: 2
0::0:3:25	0	VALUE	Rewards in last 100 rounds: 4
0::0:3:25	4	VALUE	Rewards in last 100 rounds: -22
0::0:3:33	3	VALUE	Rewards in last 100 rounds: -5
0::0:3:33	0	VALUE	Rewards in last 100 rounds: 6
0::0:3:33	1	VALUE	Rewards in last 100 rounds: 2
0::0:3:33	2	VALUE	Rewards in last 100 rounds: 3
0::0:3:33	4	VALUE	Rewards in last 100 rounds: -14
0::0:3:41	0	VALUE	Rewards in last 100 rounds: 16
0::0:3:41	3	VALUE	Rewards in last 100 rounds: -4
0::0:3:41	1	VALUE	Rewards in last 100 rounds: -3
0::0:3:41	2	VALUE	Rewards in last 100 rounds: 0
0::0:3:41	4	VALUE	Rewards in last 100 rounds: -14
0::0:3:50	0	VALUE	Rewards in last 100 rounds: 6
0::0:3:50	1	VALUE	Rewards in last 100 rounds: 12
0::0:3:50	3	VALUE	Rewards in last 100 rounds: 7
0::0:3:50	2	VALUE	Rewards in last 100 rounds: 4
0::0:3:50	4	VALUE	Rewards in last 100 rounds: -35
0::0:3:58	2	VALUE	Rewards in last 100 rounds: 9
0::0:3:58	0	VALUE	Rewards in last 100 rounds: -3
0::0:3:58	3	VALUE	Rewards in last 100 rounds: 15
0::0:3:58	1	VALUE	Rewards in last 100 rounds: 13
0::0:3:58	4	VALUE	Rewards in last 100 rounds: -28
0::0:4:6	3	VALUE	Rewards in last 100 rounds: -2
0::0:4:6	0	VALUE	Rewards in last 100 rounds: 2
0::0:4:6	2	VALUE	Rewards in last 100 rounds: 8
0::0:4:6	1	VALUE	Rewards in last 100 rounds: -5
0::0:4:6	4	VALUE	Rewards in last 100 rounds: -12
0::0:4:15	0	VALUE	Rewards in last 100 rounds: 9
0::0:4:15	3	VALUE	Rewards in last 100 rounds: 16
0::0:4:15	1	VALUE	Rewards in last 100 rounds: 1
0::0:4:15	2	VALUE	Rewards in last 100 rounds: 9
0::0:4:15	4	VALUE	Rewards in last 100 rounds: -35
0::0:4:23	2	VALUE	Rewards in last 100 rounds: 0
0::0:4:23	1	VALUE	Rewards in last 100 rounds: -1
0::0:4:23	3	VALUE	Rewards in last 100 rounds: 4
0::0:4:23	0	VALUE	Rewards in last 100 rounds: -3
0::0:4:23	4	VALUE	Rewards in last 100 rounds: -22
0::0:4:31	1	VALUE	Rewards in last 100 rounds: -1
0::0:4:31	3	VALUE	Rewards in last 100 rounds: 3
0::0:4:31	0	VALUE	Rewards in last 100 rounds: -1
0::0:4:31	2	VALUE	Rewards in last 100 rounds: -1
0::0:4:31	4	VALUE	Rewards in last 100 rounds: -23
0::0:4:40	1	VALUE	Rewards in last 100 rounds: 14
0::0:4:40	3	VALUE	Rewards in last 100 rounds: 2
0::0:4:40	0	VALUE	Rewards in last 100 rounds: 2
0::0:4:40	2	VALUE	Rewards in last 100 rounds: 12
0::0:4:40	4	VALUE	Rewards in last 100 rounds: -31
0::0:4:48	3	VALUE	Rewards in last 100 rounds: -5
0::0:4:48	0	VALUE	Rewards in last 100 rounds: 13
0::0:4:48	1	VALUE	Rewards in last 100 rounds: 11
0::0:4:48	2	VALUE	Rewards in last 100 rounds: 2
0::0:4:48	4	VALUE	Rewards in last 100 rounds: -23
0::0:4:56	1	VALUE	Rewards in last 100 rounds: -3
0::0:4:56	3	VALUE	Rewards in last 100 rounds: 3
0::0:4:56	0	VALUE	Rewards in last 100 rounds: 15
0::0:4:56	2	VALUE	Rewards in last 100 rounds: 9
0::0:4:56	4	VALUE	Rewards in last 100 rounds: -34
0::0:5:5	1	VALUE	Rewards in last 100 rounds: 5
0::0:5:5	2	VALUE	Rewards in last 100 rounds: 12
0::0:5:5	0	VALUE	Rewards in last 100 rounds: 0
0::0:5:5	3	VALUE	Rewards in last 100 rounds: 0
0::0:5:5	4	VALUE	Rewards in last 100 rounds: -26
0::0:5:13	0	VALUE	Rewards in last 100 rounds: -6
0::0:5:13	1	VALUE	Rewards in last 100 rounds: -3
0::0:5:13	3	VALUE	Rewards in last 100 rounds: 10
0::0:5:13	2	VALUE	Rewards in last 100 rounds: 2
0::0:5:13	4	VALUE	Rewards in last 100 rounds: -23
0::0:5:21	1	VALUE	Rewards in last 100 rounds: 2
0::0:5:21	3	VALUE	Rewards in last 100 rounds: 11
0::0:5:21	0	VALUE	Rewards in last 100 rounds: 5
0::0:5:21	2	VALUE	Rewards in last 100 rounds: -1
0::0:5:21	4	VALUE	Rewards in last 100 rounds: -16
0::0:5:30	1	VALUE	Rewards in last 100 rounds: 11
0::0:5:30	3	VALUE	Rewards in last 100 rounds: -5
0::0:5:30	0	VALUE	Rewards in last 100 rounds: 0
0::0:5:30	2	VALUE	Rewards in last 100 rounds: -11
0::0:5:30	4	VALUE	Rewards in last 100 rounds: -20
0::0:5:38	1	VALUE	Rewards in last 100 rounds: -7
0::0:5:38	2	VALUE	Rewards in last 100 rounds: 2
0::0:5:38	3	VALUE	Rewards in last 100 rounds: 6
0::0:5:38	0	VALUE	Rewards in last 100 rounds: 2
0::0:5:38	4	VALUE	Rewards in last 100 rounds: -28
0::0:5:46	0	VALUE	Rewards in last 100 rounds which counts towards the score: 14
0::0:5:46	3	VALUE	Rewards in last 100 rounds which counts towards the score: 10
0::0:5:46	2	VALUE	Rewards in last 100 rounds which counts towards the score: 11
0::0:5:46	1	VALUE	Rewards in last 100 rounds which counts towards the score: -2
0::0:5:47	4	VALUE	Rewards in last 100 rounds which counts towards the score: -19
0::0:5:55	3	VALUE	Rewards in last 100 rounds which counts towards the score: -2
0::0:5:55	1	VALUE	Rewards in last 100 rounds which counts towards the score: -7
0::0:5:55	2	VALUE	Rewards in last 100 rounds which counts towards the score: 0
0::0:5:55	0	VALUE	Rewards in last 100 rounds which counts towards the score: 7
0::0:5:55	4	VALUE	Rewards in last 100 rounds which counts towards the score: -23
0::0:6:3	1	VALUE	Rewards in last 100 rounds which counts towards the score: 2
0::0:6:3	0	VALUE	Rewards in last 100 rounds which counts towards the score: 5
0::0:6:3	2	VALUE	Rewards in last 100 rounds which counts towards the score: 5
0::0:6:3	3	VALUE	Rewards in last 100 rounds which counts towards the score: 4
0::0:6:3	4	VALUE	Rewards in last 100 rounds which counts towards the score: -25
0::0:6:12	1	VALUE	Rewards in last 100 rounds which counts towards the score: 7
0::0:6:12	2	VALUE	Rewards in last 100 rounds which counts towards the score: -1
0::0:6:12	3	VALUE	Rewards in last 100 rounds which counts towards the score: 2
0::0:6:12	0	VALUE	Rewards in last 100 rounds which counts towards the score: 9
0::0:6:12	4	VALUE	Rewards in last 100 rounds which counts towards the score: -22
0::0:6:20	3	VALUE	Rewards in last 100 rounds which counts towards the score: 0
0::0:6:20	2	VALUE	Rewards in last 100 rounds which counts towards the score: 15
0::0:6:20	0	VALUE	Rewards in last 100 rounds which counts towards the score: -5
0::0:6:20	1	VALUE	Rewards in last 100 rounds which counts towards the score: 12
0::0:6:20	4	VALUE	Rewards in last 100 rounds which counts towards the score: -18
0::0:6:28	2	VALUE	Rewards in last 100 rounds which counts towards the score: 9
0::0:6:28	3	VALUE	Rewards in last 100 rounds which counts towards the score: 9
0::0:6:28	1	VALUE	Rewards in last 100 rounds which counts towards the score: 8
0::0:6:28	0	VALUE	Rewards in last 100 rounds which counts towards the score: 1
0::0:6:28	4	VALUE	Rewards in last 100 rounds which counts towards the score: -26
0::0:6:37	1	VALUE	Rewards in last 100 rounds which counts towards the score: 13
0::0:6:37	0	VALUE	Rewards in last 100 rounds which counts towards the score: 4
0::0:6:37	3	VALUE	Rewards in last 100 rounds which counts towards the score: 5
0::0:6:37	2	VALUE	Rewards in last 100 rounds which counts towards the score: 8
0::0:6:37	4	VALUE	Rewards in last 100 rounds which counts towards the score: -21
0::0:6:45	1	VALUE	Rewards in last 100 rounds which counts towards the score: -2
0::0:6:45	2	VALUE	Rewards in last 100 rounds which counts towards the score: 4
0::0:6:45	3	VALUE	Rewards in last 100 rounds which counts towards the score: 12
0::0:6:45	0	VALUE	Rewards in last 100 rounds which counts towards the score: 7
0::0:6:45	4	VALUE	Rewards in last 100 rounds which counts towards the score: -36
0::0:6:53	2	VALUE	Rewards in last 100 rounds which counts towards the score: 1
0::0:6:53	3	VALUE	Rewards in last 100 rounds which counts towards the score: 0
0::0:6:53	0	VALUE	Rewards in last 100 rounds which counts towards the score: -4
0::0:6:53	1	VALUE	Rewards in last 100 rounds which counts towards the score: -1
0::0:6:53	4	VALUE	Rewards in last 100 rounds which counts towards the score: -21
