0::0:1:0	4	ERROR	No Response: player took too long to respond with action. This is No Response #1 in a row!
0::0:1:0	4	ERROR	No Response: player took too long to respond with action. This is No Response #2 in a row!
0::0:1:3	4	ERROR	No Response: player took too long to respond with action. This is No Response #1 in a row!
0::0:1:3	4	ERROR	No Response: player took too long to respond with action. This is No Response #2 in a row!
0::0:1:9	1	VALUE	Rewards in last 100 rounds: -1
0::0:1:9	0	VALUE	Rewards in last 100 rounds: 0
0::0:1:9	3	VALUE	Rewards in last 100 rounds: 0
0::0:1:9	2	VALUE	Rewards in last 100 rounds: 0
0::0:1:9	4	VALUE	Rewards in last 100 rounds: 0
0::0:1:18	2	VALUE	Rewards in last 100 rounds: 0
0::0:1:18	1	VALUE	Rewards in last 100 rounds: 0
0::0:1:18	3	VALUE	Rewards in last 100 rounds: 5
0::0:1:18	0	VALUE	Rewards in last 100 rounds: 9
0::0:1:18	4	VALUE	Rewards in last 100 rounds: -10
0::0:1:28	3	VALUE	Rewards in last 100 rounds: -3
0::0:1:28	0	VALUE	Rewards in last 100 rounds: 0
0::0:1:28	2	VALUE	Rewards in last 100 rounds: 0
0::0:1:28	1	VALUE	Rewards in last 100 rounds: -5
0::0:1:28	4	VALUE	Rewards in last 100 rounds: -18
0::0:1:37	0	VALUE	Rewards in last 100 rounds: -1
0::0:1:37	3	VALUE	Rewards in last 100 rounds: 4
0::0:1:37	2	VALUE	Rewards in last 100 rounds: 0
0::0:1:37	1	VALUE	Rewards in last 100 rounds: 4
0::0:1:37	4	VALUE	Rewards in last 100 rounds: -11
0::0:1:47	2	VALUE	Rewards in last 100 rounds: 0
0::0:1:47	0	VALUE	Rewards in last 100 rounds: -1
0::0:1:47	1	VALUE	Rewards in last 100 rounds: 5
0::0:1:47	3	VALUE	Rewards in last 100 rounds: 0
0::0:1:47	4	VALUE	Rewards in last 100 rounds: 7
0::0:1:56	1	VALUE	Rewards in last 100 rounds: 8
0::0:1:56	2	VALUE	Rewards in last 100 rounds: 0
0::0:1:56	0	VALUE	Rewards in last 100 rounds: 0
0::0:1:56	3	VALUE	Rewards in last 100 rounds: 0
0::0:1:56	4	VALUE	Rewards in last 100 rounds: -10
0::0:2:6	1	VALUE	Rewards in last 100 rounds: -1
0::0:2:6	2	VALUE	Rewards in last 100 rounds: 4
0::0:2:6	3	VALUE	Rewards in last 100 rounds: 4
0::0:2:6	0	VALUE	Rewards in last 100 rounds: -5
0::0:2:6	4	VALUE	Rewards in last 100 rounds: -10
0::0:2:16	3	VALUE	Rewards in last 100 rounds: -5
0::0:2:16	0	VALUE	Rewards in last 100 rounds: 1
0::0:2:16	2	VALUE	Rewards in last 100 rounds: -5
0::0:2:16	1	VALUE	Rewards in last 100 rounds: 7
0::0:2:16	4	VALUE	Rewards in last 100 rounds: -5
0::0:2:25	0	VALUE	Rewards in last 100 rounds: 0
0::0:2:25	3	VALUE	Rewards in last 100 rounds: -1
0::0:2:25	1	VALUE	Rewards in last 100 rounds: -1
0::0:2:25	2	VALUE	Rewards in last 100 rounds: -2
0::0:2:25	4	VALUE	Rewards in last 100 rounds: -2
0::0:2:35	2	VALUE	Rewards in last 100 rounds: -5
0::0:2:35	3	VALUE	Rewards in last 100 rounds: 3
0::0:2:35	0	VALUE	Rewards in last 100 rounds: 2
0::0:2:35	1	VALUE	Rewards in last 100 rounds: 1
0::0:2:35	4	VALUE	Rewards in last 100 rounds: 7
0::0:2:44	2	VALUE	Rewards in last 100 rounds: 0
0::0:2:44	0	VALUE	Rewards in last 100 rounds: 7
0::0:2:44	3	VALUE	Rewards in last 100 rounds: -9
0::0:2:44	1	VALUE	Rewards in last 100 rounds: 0
0::0:2:44	4	VALUE	Rewards in last 100 rounds: -14
0::0:2:54	0	VALUE	Rewards in last 100 rounds: -6
0::0:2:54	2	VALUE	Rewards in last 100 rounds: -7
0::0:2:54	1	VALUE	Rewards in last 100 rounds: -3
0::0:2:54	3	VALUE	Rewards in last 100 rounds: 5
0::0:2:54	4	VALUE	Rewards in last 100 rounds: 9
0::0:3:3	2	VALUE	Rewards in last 100 rounds: -1
0::0:3:3	0	VALUE	Rewards in last 100 rounds: -1
0::0:3:3	1	VALUE	Rewards in last 100 rounds: -1
0::0:3:3	3	VALUE	Rewards in last 100 rounds: 4
0::0:3:3	4	VALUE	Rewards in last 100 rounds: 6
0::0:3:13	1	VALUE	Rewards in last 100 rounds: 9
0::0:3:13	0	VALUE	Rewards in last 100 rounds: 6
0::0:3:13	3	VALUE	Rewards in last 100 rounds: 0
0::0:3:13	2	VALUE	Rewards in last 100 rounds: 3
0::0:3:13	4	VALUE	Rewards in last 100 rounds: -1
0::0:3:23	1	VALUE	Rewards in last 100 rounds: 10
0::0:3:23	3	VALUE	Rewards in last 100 rounds: 7
0::0:3:23	2	VALUE	Rewards in last 100 rounds: -1
0::0:3:23	0	VALUE	Rewards in last 100 rounds: 0
0::0:3:23	4	VALUE	Rewards in last 100 rounds: -2
0::0:3:32	3	VALUE	Rewards in last 100 rounds: -5
0::0:3:32	0	VALUE	Rewards in last 100 rounds: 2
0::0:3:32	1	VALUE	Rewards in last 100 rounds: -5
0::0:3:32	2	VALUE	Rewards in last 100 rounds: 0
0::0:3:32	4	VALUE	Rewards in last 100 rounds: -5
0::0:3:42	1	VALUE	Rewards in last 100 rounds: -2
0::0:3:42	0	VALUE	Rewards in last 100 rounds: 4
0::0:3:42	2	VALUE	Rewards in last 100 rounds: 0
0::0:3:42	3	VALUE	Rewards in last 100 rounds: 4
0::0:3:42	4	VALUE	Rewards in last 100 rounds: 0
0::0:3:52	2	VALUE	Rewards in last 100 rounds: 0
0::0:3:52	3	VALUE	Rewards in last 100 rounds: -3
0::0:3:52	1	VALUE	Rewards in last 100 rounds: 3
0::0:3:52	0	VALUE	Rewards in last 100 rounds: 0
0::0:3:52	4	VALUE	Rewards in last 100 rounds: -5
0::0:4:1	3	VALUE	Rewards in last 100 rounds: 2
0::0:4:1	2	VALUE	Rewards in last 100 rounds: 1
0::0:4:1	1	VALUE	Rewards in last 100 rounds: -5
0::0:4:1	0	VALUE	Rewards in last 100 rounds: 6
0::0:4:1	4	VALUE	Rewards in last 100 rounds: 0
0::0:4:11	2	VALUE	Rewards in last 100 rounds: 7
0::0:4:11	0	VALUE	Rewards in last 100 rounds: 2
0::0:4:11	1	VALUE	Rewards in last 100 rounds: 0
0::0:4:11	3	VALUE	Rewards in last 100 rounds: -3
0::0:4:11	4	VALUE	Rewards in last 100 rounds: 7
0::0:4:20	0	VALUE	Rewards in last 100 rounds: 10
0::0:4:20	3	VALUE	Rewards in last 100 rounds: 1
0::0:4:20	1	VALUE	Rewards in last 100 rounds: -5
0::0:4:20	2	VALUE	Rewards in last 100 rounds: 5
0::0:4:20	4	VALUE	Rewards in last 100 rounds: 7
0::0:4:30	3	VALUE	Rewards in last 100 rounds: -2
0::0:4:30	0	VALUE	Rewards in last 100 rounds: 5
0::0:4:30	2	VALUE	Rewards in last 100 rounds: -5
0::0:4:30	1	VALUE	Rewards in last 100 rounds: -1
0::0:4:30	4	VALUE	Rewards in last 100 rounds: -1
0::0:4:40	2	VALUE	Rewards in last 100 rounds: 0
0::0:4:40	0	VALUE	Rewards in last 100 rounds: 5
0::0:4:40	3	VALUE	Rewards in last 100 rounds: 6
0::0:4:40	1	VALUE	Rewards in last 100 rounds: -1
0::0:4:40	4	VALUE	Rewards in last 100 rounds: -1
0::0:4:49	0	VALUE	Rewards in last 100 rounds: 2
0::0:4:49	1	VALUE	Rewards in last 100 rounds: 7
0::0:4:49	3	VALUE	Rewards in last 100 rounds: -5
0::0:4:49	2	VALUE	Rewards in last 100 rounds: -3
0::0:4:49	4	VALUE	Rewards in last 100 rounds: 2
0::0:4:59	0	VALUE	Rewards in last 100 rounds: 5
0::0:4:59	2	VALUE	Rewards in last 100 rounds: 1
0::0:4:59	3	VALUE	Rewards in last 100 rounds: 2
0::0:4:59	1	VALUE	Rewards in last 100 rounds: 4
0::0:4:59	4	VALUE	Rewards in last 100 rounds: 12
0::0:5:9	3	VALUE	Rewards in last 100 rounds: -5
0::0:5:9	2	VALUE	Rewards in last 100 rounds: 7
0::0:5:9	1	VALUE	Rewards in last 100 rounds: 0
0::0:5:9	0	VALUE	Rewards in last 100 rounds: 2
0::0:5:9	4	VALUE	Rewards in last 100 rounds: -6
0::0:5:18	2	VALUE	Rewards in last 100 rounds: -11
0::0:5:18	0	VALUE	Rewards in last 100 rounds: 1
0::0:5:18	1	VALUE	Rewards in last 100 rounds: 7
0::0:5:18	3	VALUE	Rewards in last 100 rounds: 0
0::0:5:18	4	VALUE	Rewards in last 100 rounds: -8
0::0:5:28	1	VALUE	Rewards in last 100 rounds: 0
0::0:5:28	0	VALUE	Rewards in last 100 rounds: -2
0::0:5:28	3	VALUE	Rewards in last 100 rounds: 0
0::0:5:28	2	VALUE	Rewards in last 100 rounds: -6
0::0:5:28	4	VALUE	Rewards in last 100 rounds: -6
0::0:5:38	1	VALUE	Rewards in last 100 rounds: -5
0::0:5:38	3	VALUE	Rewards in last 100 rounds: 0
0::0:5:38	2	VALUE	Rewards in last 100 rounds: 3
0::0:5:38	0	VALUE	Rewards in last 100 rounds: 0
0::0:5:38	4	VALUE	Rewards in last 100 rounds: -3
0::0:5:47	3	VALUE	Rewards in last 100 rounds: 0
0::0:5:47	0	VALUE	Rewards in last 100 rounds: -2
0::0:5:47	1	VALUE	Rewards in last 100 rounds: -1
0::0:5:47	2	VALUE	Rewards in last 100 rounds: 10
0::0:5:47	4	VALUE	Rewards in last 100 rounds: 5
0::0:5:57	2	VALUE	Rewards in last 100 rounds: 1
0::0:5:57	3	VALUE	Rewards in last 100 rounds: -11
0::0:5:57	1	VALUE	Rewards in last 100 rounds: -1
0::0:5:57	0	VALUE	Rewards in last 100 rounds: 0
0::0:5:57	4	VALUE	Rewards in last 100 rounds: 0
0::0:6:7	0	VALUE	Rewards in last 100 rounds: -1
0::0:6:7	2	VALUE	Rewards in last 100 rounds: -1
0::0:6:7	3	VALUE	Rewards in last 100 rounds: -1
0::0:6:7	1	VALUE	Rewards in last 100 rounds: 5
0::0:6:7	4	VALUE	Rewards in last 100 rounds: -1
0::0:6:16	3	VALUE	Rewards in last 100 rounds: 4
0::0:6:16	0	VALUE	Rewards in last 100 rounds: 7
0::0:6:16	2	VALUE	Rewards in last 100 rounds: 4
0::0:6:16	1	VALUE	Rewards in last 100 rounds: -5
0::0:6:16	4	VALUE	Rewards in last 100 rounds: 2
0::0:6:26	3	VALUE	Rewards in last 100 rounds: 5
0::0:6:26	0	VALUE	Rewards in last 100 rounds: 1
0::0:6:26	2	VALUE	Rewards in last 100 rounds: 0
0::0:6:26	1	VALUE	Rewards in last 100 rounds: 0
0::0:6:26	4	VALUE	Rewards in last 100 rounds: -5
0::0:6:36	0	VALUE	Rewards in last 100 rounds: 5
0::0:6:36	3	VALUE	Rewards in last 100 rounds: 2
0::0:6:36	2	VALUE	Rewards in last 100 rounds: 2
0::0:6:36	1	VALUE	Rewards in last 100 rounds: 6
0::0:6:36	4	VALUE	Rewards in last 100 rounds: -1
0::0:6:46	3	VALUE	Rewards in last 100 rounds: 5
0::0:6:46	2	VALUE	Rewards in last 100 rounds: -5
0::0:6:46	1	VALUE	Rewards in last 100 rounds: -3
0::0:6:46	0	VALUE	Rewards in last 100 rounds: -1
0::0:6:46	4	VALUE	Rewards in last 100 rounds: 2
0::0:6:55	1	VALUE	Rewards in last 100 rounds: 7
0::0:6:55	3	VALUE	Rewards in last 100 rounds: 0
0::0:6:55	0	VALUE	Rewards in last 100 rounds: 5
0::0:6:55	2	VALUE	Rewards in last 100 rounds: -2
0::0:6:55	4	VALUE	Rewards in last 100 rounds: 0
0::0:7:5	1	VALUE	Rewards in last 100 rounds: -5
0::0:7:5	2	VALUE	Rewards in last 100 rounds: 0
0::0:7:5	0	VALUE	Rewards in last 100 rounds: 6
0::0:7:5	3	VALUE	Rewards in last 100 rounds: -1
0::0:7:5	4	VALUE	Rewards in last 100 rounds: -5
0::0:7:15	1	VALUE	Rewards in last 100 rounds: -1
0::0:7:15	2	VALUE	Rewards in last 100 rounds: 5
0::0:7:15	0	VALUE	Rewards in last 100 rounds: 4
0::0:7:15	3	VALUE	Rewards in last 100 rounds: 9
0::0:7:15	4	VALUE	Rewards in last 100 rounds: 9
0::0:7:24	1	VALUE	Rewards in last 100 rounds: 20
0::0:7:24	3	VALUE	Rewards in last 100 rounds: 8
0::0:7:24	2	VALUE	Rewards in last 100 rounds: 1
0::0:7:24	0	VALUE	Rewards in last 100 rounds: 10
0::0:7:24	4	VALUE	Rewards in last 100 rounds: 0
0::0:7:34	0	VALUE	Rewards in last 100 rounds: 4
0::0:7:34	3	VALUE	Rewards in last 100 rounds: -11
0::0:7:34	1	VALUE	Rewards in last 100 rounds: 1
0::0:7:34	2	VALUE	Rewards in last 100 rounds: 3
0::0:7:34	4	VALUE	Rewards in last 100 rounds: 9
0::0:7:44	3	VALUE	Rewards in last 100 rounds: 5
0::0:7:44	1	VALUE	Rewards in last 100 rounds: 4
0::0:7:44	2	VALUE	Rewards in last 100 rounds: 0
0::0:7:44	0	VALUE	Rewards in last 100 rounds: 0
0::0:7:44	4	VALUE	Rewards in last 100 rounds: 4
0::0:7:54	3	VALUE	Rewards in last 100 rounds: 4
0::0:7:54	1	VALUE	Rewards in last 100 rounds: -1
0::0:7:54	0	VALUE	Rewards in last 100 rounds: -1
0::0:7:54	2	VALUE	Rewards in last 100 rounds: 0
0::0:7:54	4	VALUE	Rewards in last 100 rounds: 0
0::0:8:3	1	VALUE	Rewards in last 100 rounds: 0
0::0:8:3	0	VALUE	Rewards in last 100 rounds: 7
0::0:8:3	2	VALUE	Rewards in last 100 rounds: 2
0::0:8:3	3	VALUE	Rewards in last 100 rounds: 2
0::0:8:3	4	VALUE	Rewards in last 100 rounds: 5
0::0:8:13	2	VALUE	Rewards in last 100 rounds: -2
0::0:8:13	1	VALUE	Rewards in last 100 rounds: 0
0::0:8:13	0	VALUE	Rewards in last 100 rounds: -1
0::0:8:13	3	VALUE	Rewards in last 100 rounds: -1
0::0:8:13	4	VALUE	Rewards in last 100 rounds: 5
0::0:8:23	1	VALUE	Rewards in last 100 rounds: 0
0::0:8:23	0	VALUE	Rewards in last 100 rounds: 0
0::0:8:23	2	VALUE	Rewards in last 100 rounds: -11
0::0:8:23	3	VALUE	Rewards in last 100 rounds: 3
0::0:8:23	4	VALUE	Rewards in last 100 rounds: 15
0::0:8:32	3	VALUE	Rewards in last 100 rounds: 4
0::0:8:32	1	VALUE	Rewards in last 100 rounds: 7
0::0:8:32	0	VALUE	Rewards in last 100 rounds: 0
0::0:8:32	2	VALUE	Rewards in last 100 rounds: 1
0::0:8:32	4	VALUE	Rewards in last 100 rounds: 0
0::0:8:42	1	VALUE	Rewards in last 100 rounds: 1
0::0:8:42	2	VALUE	Rewards in last 100 rounds: -7
0::0:8:42	0	VALUE	Rewards in last 100 rounds: 0
0::0:8:42	3	VALUE	Rewards in last 100 rounds: 2
0::0:8:42	4	VALUE	Rewards in last 100 rounds: 7
0::0:8:52	1	VALUE	Rewards in last 100 rounds: 1
0::0:8:52	3	VALUE	Rewards in last 100 rounds: 0
0::0:8:52	2	VALUE	Rewards in last 100 rounds: 5
0::0:8:52	0	VALUE	Rewards in last 100 rounds: 8
0::0:8:52	4	VALUE	Rewards in last 100 rounds: 7
0::0:9:2	1	VALUE	Rewards in last 100 rounds: -2
0::0:9:2	2	VALUE	Rewards in last 100 rounds: -5
0::0:9:2	0	VALUE	Rewards in last 100 rounds: -6
0::0:9:2	3	VALUE	Rewards in last 100 rounds: 0
0::0:9:2	4	VALUE	Rewards in last 100 rounds: -3
0::0:9:12	0	VALUE	Rewards in last 100 rounds: 0
0::0:9:12	2	VALUE	Rewards in last 100 rounds: -5
0::0:9:12	3	VALUE	Rewards in last 100 rounds: 4
0::0:9:12	1	VALUE	Rewards in last 100 rounds: 0
0::0:9:12	4	VALUE	Rewards in last 100 rounds: 0
0::0:9:21	3	VALUE	Rewards in last 100 rounds: 5
0::0:9:21	0	VALUE	Rewards in last 100 rounds: 0
0::0:9:21	1	VALUE	Rewards in last 100 rounds: 1
0::0:9:21	2	VALUE	Rewards in last 100 rounds: 0
0::0:9:21	4	VALUE	Rewards in last 100 rounds: 5
0::0:9:31	1	VALUE	Rewards in last 100 rounds: 0
0::0:9:31	0	VALUE	Rewards in last 100 rounds: 4
0::0:9:31	2	VALUE	Rewards in last 100 rounds: -3
0::0:9:31	3	VALUE	Rewards in last 100 rounds: 7
0::0:9:31	4	VALUE	Rewards in last 100 rounds: 2
0::0:9:41	2	VALUE	Rewards in last 100 rounds: 2
0::0:9:41	1	VALUE	Rewards in last 100 rounds: -1
0::0:9:41	3	VALUE	Rewards in last 100 rounds: 3
0::0:9:41	0	VALUE	Rewards in last 100 rounds: 3
0::0:9:41	4	VALUE	Rewards in last 100 rounds: 0
0::0:9:51	0	VALUE	Rewards in last 100 rounds: -1
0::0:9:51	3	VALUE	Rewards in last 100 rounds: 2
0::0:9:51	2	VALUE	Rewards in last 100 rounds: -1
0::0:9:51	1	VALUE	Rewards in last 100 rounds: 9
0::0:9:51	4	VALUE	Rewards in last 100 rounds: 4
0::0:10:1	0	VALUE	Rewards in last 100 rounds: 12
0::0:10:1	1	VALUE	Rewards in last 100 rounds: 0
0::0:10:1	3	VALUE	Rewards in last 100 rounds: 5
0::0:10:1	2	VALUE	Rewards in last 100 rounds: 0
0::0:10:1	4	VALUE	Rewards in last 100 rounds: 7
0::0:10:10	2	VALUE	Rewards in last 100 rounds: -1
0::0:10:10	3	VALUE	Rewards in last 100 rounds: 2
0::0:10:10	1	VALUE	Rewards in last 100 rounds: 5
0::0:10:10	0	VALUE	Rewards in last 100 rounds: 0
0::0:10:10	4	VALUE	Rewards in last 100 rounds: 0
0::0:10:20	0	VALUE	Rewards in last 100 rounds: 0
0::0:10:20	1	VALUE	Rewards in last 100 rounds: 2
0::0:10:20	2	VALUE	Rewards in last 100 rounds: 6
0::0:10:20	3	VALUE	Rewards in last 100 rounds: -4
0::0:10:20	4	VALUE	Rewards in last 100 rounds: 0
0::0:10:30	3	VALUE	Rewards in last 100 rounds: 1
0::0:10:30	1	VALUE	Rewards in last 100 rounds: -1
0::0:10:30	0	VALUE	Rewards in last 100 rounds: -1
0::0:10:30	2	VALUE	Rewards in last 100 rounds: 0
0::0:10:30	4	VALUE	Rewards in last 100 rounds: 7
0::0:10:40	2	VALUE	Rewards in last 100 rounds: 16
0::0:10:40	3	VALUE	Rewards in last 100 rounds: 0
0::0:10:40	0	VALUE	Rewards in last 100 rounds: 17
0::0:10:40	1	VALUE	Rewards in last 100 rounds: 1
0::0:10:40	4	VALUE	Rewards in last 100 rounds: 7
0::0:10:50	3	VALUE	Rewards in last 100 rounds which counts towards the score: 2
0::0:10:50	0	VALUE	Rewards in last 100 rounds which counts towards the score: 5
0::0:10:50	1	VALUE	Rewards in last 100 rounds which counts towards the score: 1
0::0:10:50	2	VALUE	Rewards in last 100 rounds which counts towards the score: -9
0::0:10:50	4	VALUE	Rewards in last 100 rounds which counts towards the score: 4
0::0:10:59	0	VALUE	Rewards in last 100 rounds which counts towards the score: 0
0::0:10:59	1	VALUE	Rewards in last 100 rounds which counts towards the score: 4
0::0:10:59	2	VALUE	Rewards in last 100 rounds which counts towards the score: 5
0::0:10:59	3	VALUE	Rewards in last 100 rounds which counts towards the score: 2
0::0:10:59	4	VALUE	Rewards in last 100 rounds which counts towards the score: 6
0::0:11:9	1	VALUE	Rewards in last 100 rounds which counts towards the score: 0
0::0:11:9	3	VALUE	Rewards in last 100 rounds which counts towards the score: 5
0::0:11:9	2	VALUE	Rewards in last 100 rounds which counts towards the score: -6
0::0:11:9	0	VALUE	Rewards in last 100 rounds which counts towards the score: -6
0::0:11:9	4	VALUE	Rewards in last 100 rounds which counts towards the score: 4
0::0:11:19	1	VALUE	Rewards in last 100 rounds which counts towards the score: -5
0::0:11:19	2	VALUE	Rewards in last 100 rounds which counts towards the score: -1
0::0:11:19	3	VALUE	Rewards in last 100 rounds which counts towards the score: 0
0::0:11:19	0	VALUE	Rewards in last 100 rounds which counts towards the score: 9
0::0:11:19	4	VALUE	Rewards in last 100 rounds which counts towards the score: 6
0::0:11:29	3	VALUE	Rewards in last 100 rounds which counts towards the score: 1
0::0:11:29	0	VALUE	Rewards in last 100 rounds which counts towards the score: 0
0::0:11:29	1	VALUE	Rewards in last 100 rounds which counts towards the score: 4
0::0:11:29	2	VALUE	Rewards in last 100 rounds which counts towards the score: 2
0::0:11:29	4	VALUE	Rewards in last 100 rounds which counts towards the score: -1
0::0:11:39	0	VALUE	Rewards in last 100 rounds which counts towards the score: 3
0::0:11:39	3	VALUE	Rewards in last 100 rounds which counts towards the score: -5
0::0:11:39	1	VALUE	Rewards in last 100 rounds which counts towards the score: -1
0::0:11:39	2	VALUE	Rewards in last 100 rounds which counts towards the score: -5
0::0:11:39	4	VALUE	Rewards in last 100 rounds which counts towards the score: 5
0::0:11:49	3	VALUE	Rewards in last 100 rounds which counts towards the score: 9
0::0:11:49	1	VALUE	Rewards in last 100 rounds which counts towards the score: 2
0::0:11:49	0	VALUE	Rewards in last 100 rounds which counts towards the score: 7
0::0:11:49	2	VALUE	Rewards in last 100 rounds which counts towards the score: 0
0::0:11:49	4	VALUE	Rewards in last 100 rounds which counts towards the score: -1
0::0:11:58	3	VALUE	Rewards in last 100 rounds which counts towards the score: 9
0::0:11:58	2	VALUE	Rewards in last 100 rounds which counts towards the score: 0
0::0:11:58	0	VALUE	Rewards in last 100 rounds which counts towards the score: 5
0::0:11:58	1	VALUE	Rewards in last 100 rounds which counts towards the score: -5
0::0:11:58	4	VALUE	Rewards in last 100 rounds which counts towards the score: -3
0::0:12:8	3	VALUE	Rewards in last 100 rounds which counts towards the score: -3
0::0:12:8	2	VALUE	Rewards in last 100 rounds which counts towards the score: 1
0::0:12:8	0	VALUE	Rewards in last 100 rounds which counts towards the score: 5
0::0:12:8	1	VALUE	Rewards in last 100 rounds which counts towards the score: 2
0::0:12:8	4	VALUE	Rewards in last 100 rounds which counts towards the score: 0
