0::0:1:0	4	ERROR	No Response: player took too long to respond with action. This is No Response #1 in a row!
0::0:1:0	4	ERROR	No Response: player took too long to respond with action. This is No Response #2 in a row!
0::0:1:3	4	ERROR	No Response: player took too long to respond with action. This is No Response #1 in a row!
0::0:1:3	4	ERROR	No Response: player took too long to respond with action. This is No Response #2 in a row!
0::0:1:3	4	ERROR	No Response: player took too long to respond with action. This is No Response #3 in a row!
0::0:1:9	1	VALUE	Rewards in last 100 rounds: 0
0::0:1:9	2	VALUE	Rewards in last 100 rounds: 0
0::0:1:9	0	VALUE	Rewards in last 100 rounds: 0
0::0:1:9	3	VALUE	Rewards in last 100 rounds: -1
0::0:1:9	4	VALUE	Rewards in last 100 rounds: -15
0::0:1:18	2	VALUE	Rewards in last 100 rounds: -6
0::0:1:18	1	VALUE	Rewards in last 100 rounds: 7
0::0:1:18	0	VALUE	Rewards in last 100 rounds: 0
0::0:1:18	3	VALUE	Rewards in last 100 rounds: 5
0::0:1:18	4	VALUE	Rewards in last 100 rounds: -20
0::0:1:28	2	VALUE	Rewards in last 100 rounds: 0
0::0:1:28	1	VALUE	Rewards in last 100 rounds: 0
0::0:1:28	0	VALUE	Rewards in last 100 rounds: -6
0::0:1:28	3	VALUE	Rewards in last 100 rounds: 0
0::0:1:28	4	VALUE	Rewards in last 100 rounds: -15
0::0:1:37	1	VALUE	Rewards in last 100 rounds: 0
0::0:1:37	3	VALUE	Rewards in last 100 rounds: 5
0::0:1:37	0	VALUE	Rewards in last 100 rounds: 4
0::0:1:37	2	VALUE	Rewards in last 100 rounds: 0
0::0:1:37	4	VALUE	Rewards in last 100 rounds: -19
0::0:1:46	0	VALUE	Rewards in last 100 rounds: -5
0::0:1:46	3	VALUE	Rewards in last 100 rounds: 4
0::0:1:46	1	VALUE	Rewards in last 100 rounds: 0
0::0:1:46	2	VALUE	Rewards in last 100 rounds: 0
0::0:1:46	4	VALUE	Rewards in last 100 rounds: -2
0::0:1:56	3	VALUE	Rewards in last 100 rounds: 5
0::0:1:56	1	VALUE	Rewards in last 100 rounds: 7
0::0:1:56	2	VALUE	Rewards in last 100 rounds: 12
0::0:1:56	0	VALUE	Rewards in last 100 rounds: 9
0::0:1:56	4	VALUE	Rewards in last 100 rounds: -5
0::0:2:5	0	VALUE	Rewards in last 100 rounds: 0
0::0:2:5	1	VALUE	Rewards in last 100 rounds: 10
0::0:2:5	3	VALUE	Rewards in last 100 rounds: 0
0::0:2:5	2	VALUE	Rewards in last 100 rounds: 7
0::0:2:5	4	VALUE	Rewards in last 100 rounds: -1
0::0:2:15	0	VALUE	Rewards in last 100 rounds: 2
0::0:2:15	3	VALUE	Rewards in last 100 rounds: -3
0::0:2:15	2	VALUE	Rewards in last 100 rounds: -6
0::0:2:15	1	VALUE	Rewards in last 100 rounds: -3
0::0:2:15	4	VALUE	Rewards in last 100 rounds: 4
0::0:2:24	2	VALUE	Rewards in last 100 rounds: 4
0::0:2:24	0	VALUE	Rewards in last 100 rounds: 6
0::0:2:24	1	VALUE	Rewards in last 100 rounds: 4
0::0:2:24	3	VALUE	Rewards in last 100 rounds: 7
0::0:2:24	4	VALUE	Rewards in last 100 rounds: -11
0::0:2:34	0	VALUE	Rewards in last 100 rounds: -2
0::0:2:34	1	VALUE	Rewards in last 100 rounds: 0
0::0:2:34	3	VALUE	Rewards in last 100 rounds: 10
0::0:2:34	2	VALUE	Rewards in last 100 rounds: -6
0::0:2:34	4	VALUE	Rewards in last 100 rounds: -6
0::0:2:43	3	VALUE	Rewards in last 100 rounds: 7
0::0:2:43	2	VALUE	Rewards in last 100 rounds: 8
0::0:2:43	1	VALUE	Rewards in last 100 rounds: 11
0::0:2:43	0	VALUE	Rewards in last 100 rounds: 0
0::0:2:43	4	VALUE	Rewards in last 100 rounds: -5
0::0:2:53	0	VALUE	Rewards in last 100 rounds: 1
0::0:2:53	1	VALUE	Rewards in last 100 rounds: -3
0::0:2:53	3	VALUE	Rewards in last 100 rounds: -1
0::0:2:53	2	VALUE	Rewards in last 100 rounds: 7
0::0:2:53	4	VALUE	Rewards in last 100 rounds: -6
0::0:3:2	2	VALUE	Rewards in last 100 rounds: 0
0::0:3:2	1	VALUE	Rewards in last 100 rounds: -1
0::0:3:2	0	VALUE	Rewards in last 100 rounds: -1
0::0:3:2	3	VALUE	Rewards in last 100 rounds: 2
0::0:3:2	4	VALUE	Rewards in last 100 rounds: -5
0::0:3:11	0	VALUE	Rewards in last 100 rounds: 8
0::0:3:11	1	VALUE	Rewards in last 100 rounds: 0
0::0:3:11	3	VALUE	Rewards in last 100 rounds: -4
0::0:3:11	2	VALUE	Rewards in last 100 rounds: 7
0::0:3:12	4	VALUE	Rewards in last 100 rounds: -4
0::0:3:21	3	VALUE	Rewards in last 100 rounds: 1
0::0:3:21	2	VALUE	Rewards in last 100 rounds: -2
0::0:3:21	1	VALUE	Rewards in last 100 rounds: 2
0::0:3:21	0	VALUE	Rewards in last 100 rounds: 10
0::0:3:21	4	VALUE	Rewards in last 100 rounds: -9
0::0:3:30	3	VALUE	Rewards in last 100 rounds: 0
0::0:3:30	1	VALUE	Rewards in last 100 rounds: 8
0::0:3:30	0	VALUE	Rewards in last 100 rounds: 11
0::0:3:30	2	VALUE	Rewards in last 100 rounds: -3
0::0:3:30	4	VALUE	Rewards in last 100 rounds: 5
0::0:3:40	0	VALUE	Rewards in last 100 rounds: -1
0::0:3:40	1	VALUE	Rewards in last 100 rounds: 1
0::0:3:40	2	VALUE	Rewards in last 100 rounds: -1
0::0:3:40	3	VALUE	Rewards in last 100 rounds: 5
0::0:3:40	4	VALUE	Rewards in last 100 rounds: -3
0::0:3:49	0	VALUE	Rewards in last 100 rounds: -1
0::0:3:49	2	VALUE	Rewards in last 100 rounds: -3
0::0:3:49	3	VALUE	Rewards in last 100 rounds: 1
0::0:3:49	1	VALUE	Rewards in last 100 rounds: 0
0::0:3:49	4	VALUE	Rewards in last 100 rounds: 5
0::0:3:59	3	VALUE	Rewards in last 100 rounds: 2
0::0:3:59	1	VALUE	Rewards in last 100 rounds: 7
0::0:3:59	2	VALUE	Rewards in last 100 rounds: 17
0::0:3:59	0	VALUE	Rewards in last 100 rounds: 0
0::0:3:59	4	VALUE	Rewards in last 100 rounds: -5
0::0:4:8	1	VALUE	Rewards in last 100 rounds: 4
0::0:4:8	2	VALUE	Rewards in last 100 rounds: 4
0::0:4:8	0	VALUE	Rewards in last 100 rounds: 5
0::0:4:8	3	VALUE	Rewards in last 100 rounds: -1
0::0:4:8	4	VALUE	Rewards in last 100 rounds: -9
0::0:4:18	3	VALUE	Rewards in last 100 rounds: 7
0::0:4:18	2	VALUE	Rewards in last 100 rounds: 0
0::0:4:18	0	VALUE	Rewards in last 100 rounds: 2
0::0:4:18	1	VALUE	Rewards in last 100 rounds: 5
0::0:4:18	4	VALUE	Rewards in last 100 rounds: -16
0::0:4:27	2	VALUE	Rewards in last 100 rounds: 3
0::0:4:27	3	VALUE	Rewards in last 100 rounds: 0
0::0:4:27	1	VALUE	Rewards in last 100 rounds: 5
0::0:4:27	0	VALUE	Rewards in last 100 rounds: -6
0::0:4:27	4	VALUE	Rewards in last 100 rounds: -12
0::0:4:37	3	VALUE	Rewards in last 100 rounds: -1
0::0:4:37	0	VALUE	Rewards in last 100 rounds: 4
0::0:4:37	2	VALUE	Rewards in last 100 rounds: 9
0::0:4:37	1	VALUE	Rewards in last 100 rounds: 6
0::0:4:37	4	VALUE	Rewards in last 100 rounds: -5
0::0:4:47	2	VALUE	Rewards in last 100 rounds: 1
0::0:4:47	0	VALUE	Rewards in last 100 rounds: 5
0::0:4:47	3	VALUE	Rewards in last 100 rounds: 0
0::0:4:47	1	VALUE	Rewards in last 100 rounds: -2
0::0:4:47	4	VALUE	Rewards in last 100 rounds: 8
0::0:4:56	1	VALUE	Rewards in last 100 rounds: 0
0::0:4:56	2	VALUE	Rewards in last 100 rounds: 5
0::0:4:56	0	VALUE	Rewards in last 100 rounds: -2
0::0:4:56	3	VALUE	Rewards in last 100 rounds: -1
0::0:4:56	4	VALUE	Rewards in last 100 rounds: 6
0::0:5:6	2	VALUE	Rewards in last 100 rounds: -6
0::0:5:6	3	VALUE	Rewards in last 100 rounds: 0
0::0:5:6	0	VALUE	Rewards in last 100 rounds: -1
0::0:5:6	1	VALUE	Rewards in last 100 rounds: 4
0::0:5:6	4	VALUE	Rewards in last 100 rounds: 4
0::0:5:15	3	VALUE	Rewards in last 100 rounds: 6
0::0:5:15	0	VALUE	Rewards in last 100 rounds: 4
0::0:5:15	1	VALUE	Rewards in last 100 rounds: 4
0::0:5:15	2	VALUE	Rewards in last 100 rounds: 6
0::0:5:15	4	VALUE	Rewards in last 100 rounds: 1
0::0:5:25	3	VALUE	Rewards in last 100 rounds: 4
0::0:5:25	2	VALUE	Rewards in last 100 rounds: -2
0::0:5:25	1	VALUE	Rewards in last 100 rounds: -1
0::0:5:25	0	VALUE	Rewards in last 100 rounds: -2
0::0:5:25	4	VALUE	Rewards in last 100 rounds: -4
0::0:5:34	0	VALUE	Rewards in last 100 rounds: 10
0::0:5:34	1	VALUE	Rewards in last 100 rounds: 1
0::0:5:34	3	VALUE	Rewards in last 100 rounds: 2
0::0:5:34	2	VALUE	Rewards in last 100 rounds: 0
0::0:5:34	4	VALUE	Rewards in last 100 rounds: -8
0::0:5:44	0	VALUE	Rewards in last 100 rounds: 6
0::0:5:44	2	VALUE	Rewards in last 100 rounds: 5
0::0:5:44	1	VALUE	Rewards in last 100 rounds: 5
0::0:5:44	3	VALUE	Rewards in last 100 rounds: 5
0::0:5:44	4	VALUE	Rewards in last 100 rounds: 6
0::0:5:53	1	VALUE	Rewards in last 100 rounds: 5
0::0:5:53	0	VALUE	Rewards in last 100 rounds: -1
0::0:5:53	2	VALUE	Rewards in last 100 rounds: -1
0::0:5:53	3	VALUE	Rewards in last 100 rounds: 0
0::0:5:54	4	VALUE	Rewards in last 100 rounds: -1
0::0:6:3	3	VALUE	Rewards in last 100 rounds: -11
0::0:6:3	2	VALUE	Rewards in last 100 rounds: 9
0::0:6:3	1	VALUE	Rewards in last 100 rounds: -1
0::0:6:3	0	VALUE	Rewards in last 100 rounds: 0
0::0:6:3	4	VALUE	Rewards in last 100 rounds: -10
0::0:6:13	3	VALUE	Rewards in last 100 rounds: 1
0::0:6:13	1	VALUE	Rewards in last 100 rounds: 9
0::0:6:13	0	VALUE	Rewards in last 100 rounds: 0
0::0:6:13	2	VALUE	Rewards in last 100 rounds: 3
0::0:6:13	4	VALUE	Rewards in last 100 rounds: 7
0::0:6:22	2	VALUE	Rewards in last 100 rounds: 4
0::0:6:22	1	VALUE	Rewards in last 100 rounds: -1
0::0:6:22	0	VALUE	Rewards in last 100 rounds: 2
0::0:6:22	3	VALUE	Rewards in last 100 rounds: 6
0::0:6:22	4	VALUE	Rewards in last 100 rounds: 8
0::0:6:32	2	VALUE	Rewards in last 100 rounds: 0
0::0:6:32	1	VALUE	Rewards in last 100 rounds: 5
0::0:6:32	0	VALUE	Rewards in last 100 rounds: 0
0::0:6:32	3	VALUE	Rewards in last 100 rounds: -4
0::0:6:32	4	VALUE	Rewards in last 100 rounds: -18
0::0:6:41	0	VALUE	Rewards in last 100 rounds: -1
0::0:6:41	1	VALUE	Rewards in last 100 rounds: 2
0::0:6:41	3	VALUE	Rewards in last 100 rounds: -1
0::0:6:41	2	VALUE	Rewards in last 100 rounds: 4
0::0:6:41	4	VALUE	Rewards in last 100 rounds: 5
0::0:6:51	3	VALUE	Rewards in last 100 rounds: 0
0::0:6:51	0	VALUE	Rewards in last 100 rounds: -5
0::0:6:51	1	VALUE	Rewards in last 100 rounds: -1
0::0:6:51	2	VALUE	Rewards in last 100 rounds: 1
0::0:6:51	4	VALUE	Rewards in last 100 rounds: -3
0::0:7:1	1	VALUE	Rewards in last 100 rounds: 0
0::0:7:1	0	VALUE	Rewards in last 100 rounds: -1
0::0:7:1	3	VALUE	Rewards in last 100 rounds: 5
0::0:7:1	2	VALUE	Rewards in last 100 rounds: -2
0::0:7:1	4	VALUE	Rewards in last 100 rounds: 0
0::0:7:10	0	VALUE	Rewards in last 100 rounds: 4
0::0:7:10	2	VALUE	Rewards in last 100 rounds: -6
0::0:7:10	3	VALUE	Rewards in last 100 rounds: 0
0::0:7:10	1	VALUE	Rewards in last 100 rounds: 6
0::0:7:10	4	VALUE	Rewards in last 100 rounds: 5
0::0:7:20	3	VALUE	Rewards in last 100 rounds: -1
0::0:7:20	0	VALUE	Rewards in last 100 rounds: -6
0::0:7:20	2	VALUE	Rewards in last 100 rounds: 10
0::0:7:20	1	VALUE	Rewards in last 100 rounds: 0
0::0:7:20	4	VALUE	Rewards in last 100 rounds: 5
0::0:7:29	0	VALUE	Rewards in last 100 rounds: 0
0::0:7:29	2	VALUE	Rewards in last 100 rounds: 0
0::0:7:29	1	VALUE	Rewards in last 100 rounds: -5
0::0:7:29	3	VALUE	Rewards in last 100 rounds: 4
0::0:7:29	4	VALUE	Rewards in last 100 rounds: 7
0::0:7:39	0	VALUE	Rewards in last 100 rounds: 2
0::0:7:39	1	VALUE	Rewards in last 100 rounds: 0
0::0:7:39	2	VALUE	Rewards in last 100 rounds: -1
0::0:7:39	3	VALUE	Rewards in last 100 rounds: -5
0::0:7:39	4	VALUE	Rewards in last 100 rounds: -5
0::0:7:48	0	VALUE	Rewards in last 100 rounds: 6
0::0:7:48	1	VALUE	Rewards in last 100 rounds: 4
0::0:7:48	2	VALUE	Rewards in last 100 rounds: 0
0::0:7:48	3	VALUE	Rewards in last 100 rounds: -6
0::0:7:49	4	VALUE	Rewards in last 100 rounds: 16
0::0:7:58	0	VALUE	Rewards in last 100 rounds: 2
0::0:7:58	3	VALUE	Rewards in last 100 rounds: -1
0::0:7:58	2	VALUE	Rewards in last 100 rounds: 7
0::0:7:58	1	VALUE	Rewards in last 100 rounds: 0
0::0:7:58	4	VALUE	Rewards in last 100 rounds: 9
0::0:8:8	2	VALUE	Rewards in last 100 rounds: -1
0::0:8:8	1	VALUE	Rewards in last 100 rounds: 9
0::0:8:8	0	VALUE	Rewards in last 100 rounds: 7
0::0:8:8	3	VALUE	Rewards in last 100 rounds: -15
0::0:8:8	4	VALUE	Rewards in last 100 rounds: 0
0::0:8:17	2	VALUE	Rewards in last 100 rounds: 0
0::0:8:17	0	VALUE	Rewards in last 100 rounds: -2
0::0:8:17	1	VALUE	Rewards in last 100 rounds: -5
0::0:8:17	3	VALUE	Rewards in last 100 rounds: 4
0::0:8:17	4	VALUE	Rewards in last 100 rounds: -5
0::0:8:27	1	VALUE	Rewards in last 100 rounds: -1
0::0:8:27	0	VALUE	Rewards in last 100 rounds: 1
0::0:8:27	3	VALUE	Rewards in last 100 rounds: -5
0::0:8:27	2	VALUE	Rewards in last 100 rounds: 5
0::0:8:27	4	VALUE	Rewards in last 100 rounds: -1
0::0:8:37	0	VALUE	Rewards in last 100 rounds: 0
0::0:8:37	2	VALUE	Rewards in last 100 rounds: 0
0::0:8:37	3	VALUE	Rewards in last 100 rounds: 2
0::0:8:37	1	VALUE	Rewards in last 100 rounds: 5
0::0:8:37	4	VALUE	Rewards in last 100 rounds: 9
0::0:8:46	0	VALUE	Rewards in last 100 rounds: 0
0::0:8:46	2	VALUE	Rewards in last 100 rounds: 2
0::0:8:46	3	VALUE	Rewards in last 100 rounds: -8
0::0:8:46	1	VALUE	Rewards in last 100 rounds: -5
0::0:8:46	4	VALUE	Rewards in last 100 rounds: 1
0::0:8:54	4	ERROR	No Response: player took too long to respond with action. This is No Response #1 in a row!
0::0:8:54	4	ERROR	No Response: player took too long to respond with action. This is No Response #2 in a row!
0::0:8:56	0	VALUE	Rewards in last 100 rounds: 4
0::0:8:56	1	VALUE	Rewards in last 100 rounds: 0
0::0:8:56	2	VALUE	Rewards in last 100 rounds: -5
0::0:8:56	3	VALUE	Rewards in last 100 rounds: -1
0::0:8:56	4	VALUE	Rewards in last 100 rounds: 10
0::0:9:5	2	VALUE	Rewards in last 100 rounds: 2
0::0:9:5	0	VALUE	Rewards in last 100 rounds: 4
0::0:9:5	1	VALUE	Rewards in last 100 rounds: -1
0::0:9:5	3	VALUE	Rewards in last 100 rounds: 0
0::0:9:5	4	VALUE	Rewards in last 100 rounds: 2
0::0:9:15	3	VALUE	Rewards in last 100 rounds: 6
0::0:9:15	1	VALUE	Rewards in last 100 rounds: 7
0::0:9:15	0	VALUE	Rewards in last 100 rounds: 7
0::0:9:15	2	VALUE	Rewards in last 100 rounds: -3
0::0:9:15	4	VALUE	Rewards in last 100 rounds: 20
0::0:9:24	0	VALUE	Rewards in last 100 rounds: 9
0::0:9:24	1	VALUE	Rewards in last 100 rounds: -11
0::0:9:24	3	VALUE	Rewards in last 100 rounds: -8
0::0:9:24	2	VALUE	Rewards in last 100 rounds: 0
0::0:9:25	4	VALUE	Rewards in last 100 rounds: 0
0::0:9:34	0	VALUE	Rewards in last 100 rounds: 0
0::0:9:34	3	VALUE	Rewards in last 100 rounds: -1
0::0:9:34	2	VALUE	Rewards in last 100 rounds: 0
0::0:9:34	1	VALUE	Rewards in last 100 rounds: 0
0::0:9:34	4	VALUE	Rewards in last 100 rounds: 0
0::0:9:44	3	VALUE	Rewards in last 100 rounds: 0
0::0:9:44	1	VALUE	Rewards in last 100 rounds: 0
0::0:9:44	2	VALUE	Rewards in last 100 rounds: 5
0::0:9:44	0	VALUE	Rewards in last 100 rounds: -1
0::0:9:44	4	VALUE	Rewards in last 100 rounds: -3
0::0:9:51	4	ERROR	No Response: player took too long to respond with action. This is No Response #1 in a row!
0::0:9:51	4	ERROR	No Response: player took too long to respond with action. This is No Response #2 in a row!
0::0:9:53	2	VALUE	Rewards in last 100 rounds: -1
0::0:9:53	3	VALUE	Rewards in last 100 rounds: 0
0::0:9:53	1	VALUE	Rewards in last 100 rounds: 0
0::0:9:53	0	VALUE	Rewards in last 100 rounds: 4
0::0:9:53	4	VALUE	Rewards in last 100 rounds: 12
0::0:10:3	0	VALUE	Rewards in last 100 rounds: 5
0::0:10:3	2	VALUE	Rewards in last 100 rounds: 0
0::0:10:3	3	VALUE	Rewards in last 100 rounds: -6
0::0:10:3	1	VALUE	Rewards in last 100 rounds: -2
0::0:10:3	4	VALUE	Rewards in last 100 rounds: -13
0::0:10:12	2	VALUE	Rewards in last 100 rounds: 0
0::0:10:12	0	VALUE	Rewards in last 100 rounds: 0
0::0:10:12	3	VALUE	Rewards in last 100 rounds: 0
0::0:10:12	1	VALUE	Rewards in last 100 rounds: -1
0::0:10:12	4	VALUE	Rewards in last 100 rounds: 9
0::0:10:22	1	VALUE	Rewards in last 100 rounds: -5
0::0:10:22	0	VALUE	Rewards in last 100 rounds: -5
0::0:10:22	3	VALUE	Rewards in last 100 rounds: -5
0::0:10:22	2	VALUE	Rewards in last 100 rounds: 7
0::0:10:22	4	VALUE	Rewards in last 100 rounds: -3
0::0:10:32	1	VALUE	Rewards in last 100 rounds: 1
0::0:10:32	2	VALUE	Rewards in last 100 rounds: 0
0::0:10:32	0	VALUE	Rewards in last 100 rounds: 5
0::0:10:32	3	VALUE	Rewards in last 100 rounds: 5
0::0:10:32	4	VALUE	Rewards in last 100 rounds: 2
0::0:10:41	3	VALUE	Rewards in last 100 rounds which counts towards the score: 7
0::0:10:41	0	VALUE	Rewards in last 100 rounds which counts towards the score: -2
0::0:10:41	2	VALUE	Rewards in last 100 rounds which counts towards the score: 1
0::0:10:41	1	VALUE	Rewards in last 100 rounds which counts towards the score: 5
0::0:10:41	4	VALUE	Rewards in last 100 rounds which counts towards the score: 8
0::0:10:51	3	VALUE	Rewards in last 100 rounds which counts towards the score: -1
0::0:10:51	0	VALUE	Rewards in last 100 rounds which counts towards the score: 7
0::0:10:51	1	VALUE	Rewards in last 100 rounds which counts towards the score: 11
0::0:10:51	2	VALUE	Rewards in last 100 rounds which counts towards the score: -2
0::0:10:51	4	VALUE	Rewards in last 100 rounds which counts towards the score: 2
0::0:11:1	2	VALUE	Rewards in last 100 rounds which counts towards the score: 0
0::0:11:1	3	VALUE	Rewards in last 100 rounds which counts towards the score: 0
0::0:11:1	1	VALUE	Rewards in last 100 rounds which counts towards the score: -5
0::0:11:1	0	VALUE	Rewards in last 100 rounds which counts towards the score: 0
0::0:11:1	4	VALUE	Rewards in last 100 rounds which counts towards the score: 7
0::0:11:10	0	VALUE	Rewards in last 100 rounds which counts towards the score: -3
0::0:11:10	3	VALUE	Rewards in last 100 rounds which counts towards the score: -2
0::0:11:10	2	VALUE	Rewards in last 100 rounds which counts towards the score: -6
0::0:11:10	1	VALUE	Rewards in last 100 rounds which counts towards the score: 0
0::0:11:10	4	VALUE	Rewards in last 100 rounds which counts towards the score: 0
0::0:11:20	3	VALUE	Rewards in last 100 rounds which counts towards the score: 0
0::0:11:20	2	VALUE	Rewards in last 100 rounds which counts towards the score: 2
0::0:11:20	0	VALUE	Rewards in last 100 rounds which counts towards the score: 1
0::0:11:20	1	VALUE	Rewards in last 100 rounds which counts towards the score: 7
0::0:11:20	4	VALUE	Rewards in last 100 rounds which counts towards the score: 0
0::0:11:29	1	VALUE	Rewards in last 100 rounds which counts towards the score: 9
0::0:11:29	2	VALUE	Rewards in last 100 rounds which counts towards the score: -5
0::0:11:29	3	VALUE	Rewards in last 100 rounds which counts towards the score: 0
0::0:11:29	0	VALUE	Rewards in last 100 rounds which counts towards the score: -1
0::0:11:29	4	VALUE	Rewards in last 100 rounds which counts towards the score: 8
0::0:11:39	0	VALUE	Rewards in last 100 rounds which counts towards the score: -1
0::0:11:39	1	VALUE	Rewards in last 100 rounds which counts towards the score: 0
0::0:11:39	2	VALUE	Rewards in last 100 rounds which counts towards the score: -8
0::0:11:39	3	VALUE	Rewards in last 100 rounds which counts towards the score: 0
0::0:11:39	4	VALUE	Rewards in last 100 rounds which counts towards the score: 4
0::0:11:49	0	VALUE	Rewards in last 100 rounds which counts towards the score: 0
0::0:11:49	1	VALUE	Rewards in last 100 rounds which counts towards the score: 7
0::0:11:49	3	VALUE	Rewards in last 100 rounds which counts towards the score: 5
0::0:11:49	2	VALUE	Rewards in last 100 rounds which counts towards the score: -5
0::0:11:49	4	VALUE	Rewards in last 100 rounds which counts towards the score: 3
0::0:11:58	0	VALUE	Rewards in last 100 rounds which counts towards the score: 0
0::0:11:58	1	VALUE	Rewards in last 100 rounds which counts towards the score: -1
0::0:11:58	3	VALUE	Rewards in last 100 rounds which counts towards the score: -1
0::0:11:58	2	VALUE	Rewards in last 100 rounds which counts towards the score: 4
0::0:11:58	4	VALUE	Rewards in last 100 rounds which counts towards the score: -5
